[0m02:08:32.312580 [debug] [MainThread]: Sending event: {'category': 'dbt', 'action': 'invocation', 'label': 'start', 'context': [<snowplow_tracker.self_describing_json.SelfDescribingJson object at 0x107b25d50>, <snowplow_tracker.self_describing_json.SelfDescribingJson object at 0x107b9b810>, <snowplow_tracker.self_describing_json.SelfDescribingJson object at 0x107bb1a50>]}


============================== 02:08:32.315542 | 3ffd3c18-6b32-4f30-a652-bea1f1f14e0a ==============================
[0m02:08:32.315542 [info ] [MainThread]: Running with dbt=1.10.9
[0m02:08:32.315898 [debug] [MainThread]: running dbt with arguments {'fail_fast': 'False', 'log_cache_events': 'False', 'profiles_dir': '/Users/takurokamahori/.dbt', 'target_path': 'None', 'invocation_command': 'dbt init', 'cache_selected_only': 'False', 'use_colors': 'True', 'use_experimental_parser': 'False', 'log_format': 'default', 'debug': 'False', 'send_anonymous_usage_stats': 'True', 'log_path': 'logs', 'partial_parse': 'True', 'empty': 'None', 'printer_width': '80', 'no_print': 'None', 'static_parser': 'True', 'version_check': 'True', 'introspect': 'True', 'write_json': 'True', 'warn_error': 'None', 'quiet': 'False', 'warn_error_options': 'WarnErrorOptionsV2(error=[], warn=[], silence=[])', 'indirect_selection': 'eager'}
[0m02:08:36.965247 [debug] [MainThread]: Starter project path: /Users/takurokamahori/Library/Caches/pypoetry/virtualenvs/dqx-f23tm-o6-py3.11/lib/python3.11/site-packages/dbt/include/starter_project
[0m02:08:36.975609 [info ] [MainThread]: 
Your new dbt project "get_price_mart" was created!

For more information on how to configure the profiles.yml file,
please consult the dbt documentation here:

  https://docs.getdbt.com/docs/configure-your-profile

One more thing:

Need help? Don't hesitate to reach out to us via GitHub issues or on Slack:

  https://community.getdbt.com/

Happy modeling!

[0m02:08:36.976660 [info ] [MainThread]: Setting up your profile.
[0m02:08:46.474157 [debug] [MainThread]: Resource report: {"command_name": "init", "command_success": true, "command_wall_clock_time": 14.213401, "process_in_blocks": "0", "process_kernel_time": 0.185154, "process_mem_max_rss": "107380736", "process_out_blocks": "0", "process_user_time": 0.855404}
[0m02:08:46.474737 [debug] [MainThread]: Command `dbt init` succeeded at 02:08:46.474591 after 14.21 seconds
[0m02:08:46.475132 [debug] [MainThread]: Sending event: {'category': 'dbt', 'action': 'invocation', 'label': 'end', 'context': [<snowplow_tracker.self_describing_json.SelfDescribingJson object at 0x107b26d90>, <snowplow_tracker.self_describing_json.SelfDescribingJson object at 0x103092710>, <snowplow_tracker.self_describing_json.SelfDescribingJson object at 0x107b3f5d0>]}
[0m02:08:46.475456 [debug] [MainThread]: Flushing usage events
[0m02:08:47.312210 [debug] [MainThread]: An error was encountered while trying to flush usage events
